<?xml version="1.0" encoding="UTF-8"?>
<!-- Generated by org.testng.reporters.JUnitReportReporter -->
<testsuite hostname="MG" failures="0" tests="1" name="tests.CraterItemsTests" time="16.799" errors="0" timestamp="2022-12-28T19:48:56 EST" skipped="0">
  <testcase classname="tests.CraterItemsTests" name="createItem" time="16.799"/>
  <system-out/>
</testsuite> <!-- tests.CraterItemsTests -->
