<?xml version="1.0" encoding="UTF-8"?>
<!-- Generated by org.testng.reporters.JUnitReportReporter -->
<testsuite hostname="MG" failures="0" tests="5" name="tests.CraterUserManagement" time="21.860" errors="0" timestamp="2022-12-21T21:16:55 EST" skipped="0">
  <testcase classname="tests.CraterUserManagement" name="InvalidLogin" time="5.223"/>
  <system-out/>
  <testcase classname="tests.CraterUserManagement" name="InvalidLogin" time="4.615"/>
  <system-out/>
  <testcase classname="tests.CraterUserManagement" name="InvalidLogin" time="3.944"/>
  <system-out/>
  <testcase classname="tests.CraterUserManagement" name="InvalidLogin" time="4.210"/>
  <system-out/>
  <testcase classname="tests.CraterUserManagement" name="InvalidLogin" time="3.868"/>
  <system-out/>
</testsuite> <!-- tests.CraterUserManagement -->
